Exp1 CorNet_Z 23 23 Same Skel 0.7039473684210527 0.9868421052631579
Exp1 CorNet_Z 23 23 Same Skel 0.7368421052631579 1.0
Exp1 CorNet_Z 23 23 Same Skel 0.7763157894736842 1.0
Exp1 CorNet_Z 23 23 Same Skel 0.8026315789473685 0.8881578947368421
Exp1 CorNet_Z 23 23 Same Skel 0.7828947368421053 0.9473684210526315
Exp1 CorNet_Z 23 23 Same Skel 0.75 1.0
Exp1 CorNet_Z 23 23 Same Skel 0.8026315789473685 1.0
Exp1 CorNet_Z 23 23 Same Skel 0.7763157894736842 1.0
Exp1 CorNet_Z 23 23 Same Skel 0.7894736842105263 1.0
Exp1 CorNet_Z 23 23 Same Skel 0.8157894736842105 1.0
Exp1 CorNet_Z 23 23 Same Bulge 0.7697368421052632 0.48026315789473684
Exp1 CorNet_Z 23 23 Same Bulge 0.8289473684210527 0.7697368421052632
Exp1 CorNet_Z 23 23 Same Bulge 0.8421052631578947 0.6973684210526315
Exp1 CorNet_Z 23 23 Same Bulge 0.8157894736842105 0.618421052631579
Exp1 CorNet_Z 23 23 Same Bulge 0.8092105263157895 0.7368421052631579
Exp1 CorNet_Z 23 23 Same Bulge 0.8355263157894737 0.7697368421052632
Exp1 CorNet_Z 23 23 Same Bulge 0.8486842105263158 0.8157894736842105
Exp1 CorNet_Z 23 23 Same Bulge 0.8618421052631579 0.7039473684210527
Exp1 CorNet_Z 23 23 Same Bulge 0.8223684210526315 0.7236842105263158
Exp1 CorNet_Z 23 23 Same Bulge 0.8157894736842105 0.6776315789473685
Exp1 CorNet_Z 23 31 Diff Skel 1.0 1.0
Exp1 CorNet_Z 23 31 Diff Skel 1.0 1.0
Exp1 CorNet_Z 23 31 Diff Skel 1.0 1.0
Exp1 CorNet_Z 23 31 Diff Skel 1.0 1.0
Exp1 CorNet_Z 23 31 Diff Skel 1.0 1.0
Exp1 CorNet_Z 23 31 Diff Skel 1.0 0.868421052631579
Exp1 CorNet_Z 23 31 Diff Skel 1.0 0.9802631578947368
Exp1 CorNet_Z 23 31 Diff Skel 1.0 1.0
Exp1 CorNet_Z 23 31 Diff Skel 1.0 1.0
Exp1 CorNet_Z 23 31 Diff Skel 1.0 0.39473684210526316
Exp1 CorNet_Z 23 31 Diff Bulge 0.05263157894736842 0.0
Exp1 CorNet_Z 23 31 Diff Bulge 0.0 0.0
Exp1 CorNet_Z 23 31 Diff Bulge 0.046052631578947366 0.0
Exp1 CorNet_Z 23 31 Diff Bulge 0.039473684210526314 0.0
Exp1 CorNet_Z 23 31 Diff Bulge 0.0 0.0
Exp1 CorNet_Z 23 31 Diff Bulge 0.08552631578947369 0.0
Exp1 CorNet_Z 23 31 Diff Bulge 0.1118421052631579 0.0
Exp1 CorNet_Z 23 31 Diff Bulge 0.0 0.0
Exp1 CorNet_Z 23 31 Diff Bulge 0.0 0.0
Exp1 CorNet_Z 23 31 Diff Bulge 0.09868421052631579 0.0
Exp1 CorNet_Z 23 26 Diff Skel 1.0 0.4868421052631579
Exp1 CorNet_Z 23 26 Diff Skel 1.0 0.6710526315789473
Exp1 CorNet_Z 23 26 Diff Skel 1.0 0.6381578947368421
Exp1 CorNet_Z 23 26 Diff Skel 1.0 0.868421052631579
Exp1 CorNet_Z 23 26 Diff Skel 1.0 0.27631578947368424
Exp1 CorNet_Z 23 26 Diff Skel 1.0 0.7960526315789473
Exp1 CorNet_Z 23 26 Diff Skel 1.0 0.7960526315789473
Exp1 CorNet_Z 23 26 Diff Skel 1.0 0.506578947368421
Exp1 CorNet_Z 23 26 Diff Skel 1.0 0.868421052631579
Exp1 CorNet_Z 23 26 Diff Skel 1.0 0.4934210526315789
Exp1 CorNet_Z 23 26 Diff Bulge 0.5592105263157895 0.0
Exp1 CorNet_Z 23 26 Diff Bulge 0.5723684210526315 0.0
Exp1 CorNet_Z 23 26 Diff Bulge 0.24342105263157895 0.0
Exp1 CorNet_Z 23 26 Diff Bulge 0.5526315789473685 0.0
Exp1 CorNet_Z 23 26 Diff Bulge 0.5460526315789473 0.0
Exp1 CorNet_Z 23 26 Diff Bulge 0.47368421052631576 0.0
Exp1 CorNet_Z 23 26 Diff Bulge 0.5460526315789473 0.0
Exp1 CorNet_Z 23 26 Diff Bulge 0.32894736842105265 0.0
Exp1 CorNet_Z 23 26 Diff Bulge 0.5921052631578947 0.0
Exp1 CorNet_Z 23 26 Diff Bulge 0.5197368421052632 0.0
Exp1 CorNet_Z 31 23 Diff Skel 0.0 0.0
Exp1 CorNet_Z 31 23 Diff Skel 0.0 0.0
Exp1 CorNet_Z 31 23 Diff Skel 0.0 0.0
Exp1 CorNet_Z 31 23 Diff Skel 0.0 0.0
Exp1 CorNet_Z 31 23 Diff Skel 0.0 0.0
Exp1 CorNet_Z 31 23 Diff Skel 0.0 0.0
Exp1 CorNet_Z 31 23 Diff Skel 0.0 0.0
Exp1 CorNet_Z 31 23 Diff Skel 0.0 0.0
Exp1 CorNet_Z 31 23 Diff Skel 0.0 0.0
Exp1 CorNet_Z 31 23 Diff Skel 0.0 0.0
Exp1 CorNet_Z 31 23 Diff Bulge 0.20394736842105263 0.013157894736842105
Exp1 CorNet_Z 31 23 Diff Bulge 0.16447368421052633 0.0
Exp1 CorNet_Z 31 23 Diff Bulge 0.19736842105263158 0.046052631578947366
Exp1 CorNet_Z 31 23 Diff Bulge 0.19078947368421054 0.0
Exp1 CorNet_Z 31 23 Diff Bulge 0.16447368421052633 0.0
Exp1 CorNet_Z 31 23 Diff Bulge 0.17763157894736842 0.0
Exp1 CorNet_Z 31 23 Diff Bulge 0.17763157894736842 0.0
Exp1 CorNet_Z 31 23 Diff Bulge 0.20394736842105263 0.0
Exp1 CorNet_Z 31 23 Diff Bulge 0.19736842105263158 0.0
Exp1 CorNet_Z 31 23 Diff Bulge 0.14473684210526316 0.0
Exp1 CorNet_Z 31 31 Same Skel 1.0 0.9671052631578947
Exp1 CorNet_Z 31 31 Same Skel 1.0 0.7302631578947368
Exp1 CorNet_Z 31 31 Same Skel 1.0 0.7171052631578947
Exp1 CorNet_Z 31 31 Same Skel 1.0 0.9407894736842105
Exp1 CorNet_Z 31 31 Same Skel 1.0 1.0
Exp1 CorNet_Z 31 31 Same Skel 1.0 0.3223684210526316
Exp1 CorNet_Z 31 31 Same Skel 1.0 0.9473684210526315
Exp1 CorNet_Z 31 31 Same Skel 1.0 0.8355263157894737
Exp1 CorNet_Z 31 31 Same Skel 1.0 0.8223684210526315
Exp1 CorNet_Z 31 31 Same Skel 1.0 0.8552631578947368
Exp1 CorNet_Z 31 31 Same Bulge 0.0 0.0
Exp1 CorNet_Z 31 31 Same Bulge 0.0 0.0
Exp1 CorNet_Z 31 31 Same Bulge 0.0 0.0
Exp1 CorNet_Z 31 31 Same Bulge 0.0 0.0
Exp1 CorNet_Z 31 31 Same Bulge 0.0 0.0
Exp1 CorNet_Z 31 31 Same Bulge 0.0 0.0
Exp1 CorNet_Z 31 31 Same Bulge 0.0 0.0
Exp1 CorNet_Z 31 31 Same Bulge 0.0 0.0
Exp1 CorNet_Z 31 31 Same Bulge 0.0 0.0
Exp1 CorNet_Z 31 31 Same Bulge 0.0 0.0
Exp1 CorNet_Z 31 26 Diff Skel 0.42105263157894735 0.0
Exp1 CorNet_Z 31 26 Diff Skel 0.48026315789473684 0.039473684210526314
Exp1 CorNet_Z 31 26 Diff Skel 0.46710526315789475 0.0
Exp1 CorNet_Z 31 26 Diff Skel 0.4605263157894737 0.0
Exp1 CorNet_Z 31 26 Diff Skel 0.4605263157894737 0.15789473684210525
Exp1 CorNet_Z 31 26 Diff Skel 0.5526315789473685 0.0
Exp1 CorNet_Z 31 26 Diff Skel 0.4473684210526316 0.0
Exp1 CorNet_Z 31 26 Diff Skel 0.4473684210526316 0.013157894736842105
Exp1 CorNet_Z 31 26 Diff Skel 0.46710526315789475 0.25
Exp1 CorNet_Z 31 26 Diff Skel 0.42105263157894735 0.0
Exp1 CorNet_Z 31 26 Diff Bulge 0.0 0.0
Exp1 CorNet_Z 31 26 Diff Bulge 0.0 0.0
Exp1 CorNet_Z 31 26 Diff Bulge 0.0 0.0
Exp1 CorNet_Z 31 26 Diff Bulge 0.0 0.0
Exp1 CorNet_Z 31 26 Diff Bulge 0.0 0.0
Exp1 CorNet_Z 31 26 Diff Bulge 0.0 0.0
Exp1 CorNet_Z 31 26 Diff Bulge 0.0 0.0
Exp1 CorNet_Z 31 26 Diff Bulge 0.0 0.0
Exp1 CorNet_Z 31 26 Diff Bulge 0.0 0.0
Exp1 CorNet_Z 31 26 Diff Bulge 0.0 0.0
Exp1 CorNet_Z 26 23 Diff Skel 0.0 0.0
Exp1 CorNet_Z 26 23 Diff Skel 0.0 0.0
Exp1 CorNet_Z 26 23 Diff Skel 0.0 0.0
Exp1 CorNet_Z 26 23 Diff Skel 0.0 0.0
Exp1 CorNet_Z 26 23 Diff Skel 0.0 0.0
Exp1 CorNet_Z 26 23 Diff Skel 0.0 0.0
Exp1 CorNet_Z 26 23 Diff Skel 0.0 0.0
Exp1 CorNet_Z 26 23 Diff Skel 0.0 0.0
Exp1 CorNet_Z 26 23 Diff Skel 0.0 0.0
Exp1 CorNet_Z 26 23 Diff Skel 0.0 0.0
Exp1 CorNet_Z 26 23 Diff Bulge 0.27631578947368424 0.19078947368421054
Exp1 CorNet_Z 26 23 Diff Bulge 0.28289473684210525 0.0
Exp1 CorNet_Z 26 23 Diff Bulge 0.3092105263157895 0.0
Exp1 CorNet_Z 26 23 Diff Bulge 0.3026315789473684 0.3092105263157895
Exp1 CorNet_Z 26 23 Diff Bulge 0.28289473684210525 0.21052631578947367
Exp1 CorNet_Z 26 23 Diff Bulge 0.2565789473684211 0.013157894736842105
Exp1 CorNet_Z 26 23 Diff Bulge 0.27631578947368424 0.0
Exp1 CorNet_Z 26 23 Diff Bulge 0.27631578947368424 0.0
Exp1 CorNet_Z 26 23 Diff Bulge 0.3157894736842105 0.013157894736842105
Exp1 CorNet_Z 26 23 Diff Bulge 0.3092105263157895 0.0
Exp1 CorNet_Z 26 31 Diff Skel 0.07894736842105263 0.0
Exp1 CorNet_Z 26 31 Diff Skel 0.0 0.0
Exp1 CorNet_Z 26 31 Diff Skel 0.08552631578947369 0.0
Exp1 CorNet_Z 26 31 Diff Skel 0.05263157894736842 0.0
Exp1 CorNet_Z 26 31 Diff Skel 0.07894736842105263 0.0
Exp1 CorNet_Z 26 31 Diff Skel 0.019736842105263157 0.0
Exp1 CorNet_Z 26 31 Diff Skel 0.07236842105263158 0.0
Exp1 CorNet_Z 26 31 Diff Skel 0.10526315789473684 0.0
Exp1 CorNet_Z 26 31 Diff Skel 0.039473684210526314 0.5263157894736842
Exp1 CorNet_Z 26 31 Diff Skel 0.06578947368421052 0.0
Exp1 CorNet_Z 26 31 Diff Bulge 0.9802631578947368 0.07236842105263158
Exp1 CorNet_Z 26 31 Diff Bulge 0.9671052631578947 0.875
Exp1 CorNet_Z 26 31 Diff Bulge 0.9539473684210527 0.23684210526315788
Exp1 CorNet_Z 26 31 Diff Bulge 0.9671052631578947 0.46710526315789475
Exp1 CorNet_Z 26 31 Diff Bulge 0.9342105263157895 0.05263157894736842
Exp1 CorNet_Z 26 31 Diff Bulge 0.9802631578947368 0.06578947368421052
Exp1 CorNet_Z 26 31 Diff Bulge 0.9539473684210527 0.6776315789473685
Exp1 CorNet_Z 26 31 Diff Bulge 0.9802631578947368 0.18421052631578946
Exp1 CorNet_Z 26 31 Diff Bulge 0.9671052631578947 0.0
Exp1 CorNet_Z 26 31 Diff Bulge 0.9539473684210527 0.5526315789473685
Exp1 CorNet_Z 26 26 Same Skel 0.8092105263157895 0.9736842105263158
Exp1 CorNet_Z 26 26 Same Skel 0.6907894736842105 0.7894736842105263
Exp1 CorNet_Z 26 26 Same Skel 0.7631578947368421 0.9407894736842105
Exp1 CorNet_Z 26 26 Same Skel 0.7171052631578947 0.9868421052631579
Exp1 CorNet_Z 26 26 Same Skel 0.7697368421052632 0.8223684210526315
Exp1 CorNet_Z 26 26 Same Skel 0.7236842105263158 0.9671052631578947
Exp1 CorNet_Z 26 26 Same Skel 0.7302631578947368 0.9473684210526315
Exp1 CorNet_Z 26 26 Same Skel 0.8026315789473685 0.9671052631578947
Exp1 CorNet_Z 26 26 Same Skel 0.7960526315789473 0.7894736842105263
Exp1 CorNet_Z 26 26 Same Skel 0.8355263157894737 0.9342105263157895
Exp1 CorNet_Z 26 26 Same Bulge 0.8355263157894737 0.42105263157894735
Exp1 CorNet_Z 26 26 Same Bulge 0.8881578947368421 0.3092105263157895
Exp1 CorNet_Z 26 26 Same Bulge 0.8486842105263158 0.23684210526315788
Exp1 CorNet_Z 26 26 Same Bulge 0.868421052631579 0.5723684210526315
Exp1 CorNet_Z 26 26 Same Bulge 0.868421052631579 0.625
Exp1 CorNet_Z 26 26 Same Bulge 0.868421052631579 0.45394736842105265
Exp1 CorNet_Z 26 26 Same Bulge 0.8486842105263158 0.42105263157894735
Exp1 CorNet_Z 26 26 Same Bulge 0.8947368421052632 0.1118421052631579
Exp1 CorNet_Z 26 26 Same Bulge 0.8552631578947368 0.5986842105263158
Exp1 CorNet_Z 26 26 Same Bulge 0.8552631578947368 0.45394736842105265
Exp1 CorNet_S 23 23 Same Skel 0.6052631578947368 0.7368421052631579
Exp1 CorNet_S 23 23 Same Skel 0.6644736842105263 1.0
Exp1 CorNet_S 23 23 Same Skel 0.5789473684210527 0.6118421052631579
Exp1 CorNet_S 23 23 Same Skel 0.6578947368421053 0.743421052631579
Exp1 CorNet_S 23 23 Same Skel 0.5789473684210527 0.8421052631578947
Exp1 CorNet_S 23 23 Same Skel 0.625 0.8092105263157895
Exp1 CorNet_S 23 23 Same Skel 0.5197368421052632 0.7105263157894737
Exp1 CorNet_S 23 23 Same Skel 0.6710526315789473 0.9802631578947368
Exp1 CorNet_S 23 23 Same Skel 0.7105263157894737 0.875
Exp1 CorNet_S 23 23 Same Skel 0.6776315789473685 0.9144736842105263
Exp1 CorNet_S 23 23 Same Bulge 0.8223684210526315 0.7960526315789473
Exp1 CorNet_S 23 23 Same Bulge 0.8157894736842105 0.7039473684210527
Exp1 CorNet_S 23 23 Same Bulge 0.8486842105263158 0.8026315789473685
Exp1 CorNet_S 23 23 Same Bulge 0.7960526315789473 0.7828947368421053
Exp1 CorNet_S 23 23 Same Bulge 0.8157894736842105 0.7960526315789473
Exp1 CorNet_S 23 23 Same Bulge 0.8026315789473685 0.7368421052631579
Exp1 CorNet_S 23 23 Same Bulge 0.8092105263157895 0.75
Exp1 CorNet_S 23 23 Same Bulge 0.7960526315789473 0.7171052631578947
Exp1 CorNet_S 23 23 Same Bulge 0.8355263157894737 0.7368421052631579
Exp1 CorNet_S 23 23 Same Bulge 0.8421052631578947 0.75
Exp1 CorNet_S 23 31 Diff Skel 1.0 1.0
Exp1 CorNet_S 23 31 Diff Skel 1.0 1.0
Exp1 CorNet_S 23 31 Diff Skel 1.0 1.0
Exp1 CorNet_S 23 31 Diff Skel 1.0 1.0
Exp1 CorNet_S 23 31 Diff Skel 1.0 1.0
Exp1 CorNet_S 23 31 Diff Skel 1.0 1.0
Exp1 CorNet_S 23 31 Diff Skel 1.0 1.0
Exp1 CorNet_S 23 31 Diff Skel 1.0 1.0
Exp1 CorNet_S 23 31 Diff Skel 1.0 1.0
Exp1 CorNet_S 23 31 Diff Skel 1.0 1.0
Exp1 CorNet_S 23 31 Diff Bulge 1.0 0.875
Exp1 CorNet_S 23 31 Diff Bulge 1.0 0.506578947368421
Exp1 CorNet_S 23 31 Diff Bulge 1.0 0.16447368421052633
Exp1 CorNet_S 23 31 Diff Bulge 1.0 0.013157894736842105
Exp1 CorNet_S 23 31 Diff Bulge 1.0 0.3684210526315789
Exp1 CorNet_S 23 31 Diff Bulge 1.0 0.2631578947368421
Exp1 CorNet_S 23 31 Diff Bulge 1.0 0.4473684210526316
Exp1 CorNet_S 23 31 Diff Bulge 1.0 1.0
Exp1 CorNet_S 23 31 Diff Bulge 1.0 0.881578947368421
Exp1 CorNet_S 23 31 Diff Bulge 1.0 0.34868421052631576
Exp1 CorNet_S 23 26 Diff Skel 1.0 1.0
Exp1 CorNet_S 23 26 Diff Skel 1.0 1.0
Exp1 CorNet_S 23 26 Diff Skel 1.0 1.0
Exp1 CorNet_S 23 26 Diff Skel 1.0 1.0
Exp1 CorNet_S 23 26 Diff Skel 1.0 1.0
Exp1 CorNet_S 23 26 Diff Skel 1.0 1.0
Exp1 CorNet_S 23 26 Diff Skel 1.0 1.0
Exp1 CorNet_S 23 26 Diff Skel 1.0 1.0
Exp1 CorNet_S 23 26 Diff Skel 1.0 1.0
Exp1 CorNet_S 23 26 Diff Skel 1.0 1.0
Exp1 CorNet_S 23 26 Diff Bulge 0.9868421052631579 0.4407894736842105
Exp1 CorNet_S 23 26 Diff Bulge 0.9342105263157895 0.7960526315789473
Exp1 CorNet_S 23 26 Diff Bulge 0.993421052631579 0.40789473684210525
Exp1 CorNet_S 23 26 Diff Bulge 1.0 0.5592105263157895
Exp1 CorNet_S 23 26 Diff Bulge 0.993421052631579 0.17105263157894737
Exp1 CorNet_S 23 26 Diff Bulge 1.0 0.4407894736842105
Exp1 CorNet_S 23 26 Diff Bulge 1.0 0.23026315789473684
Exp1 CorNet_S 23 26 Diff Bulge 1.0 0.5855263157894737
Exp1 CorNet_S 23 26 Diff Bulge 0.993421052631579 0.18421052631578946
Exp1 CorNet_S 23 26 Diff Bulge 0.8881578947368421 0.4342105263157895
Exp1 CorNet_S 31 23 Diff Skel 0.0 0.0
Exp1 CorNet_S 31 23 Diff Skel 0.0 0.0
Exp1 CorNet_S 31 23 Diff Skel 0.0 0.0
Exp1 CorNet_S 31 23 Diff Skel 0.0 0.0
Exp1 CorNet_S 31 23 Diff Skel 0.0 0.0
Exp1 CorNet_S 31 23 Diff Skel 0.0 0.0
Exp1 CorNet_S 31 23 Diff Skel 0.0 0.0
Exp1 CorNet_S 31 23 Diff Skel 0.0 0.0
Exp1 CorNet_S 31 23 Diff Skel 0.0 0.0
Exp1 CorNet_S 31 23 Diff Skel 0.0 0.0
Exp1 CorNet_S 31 23 Diff Bulge 0.4934210526315789 0.18421052631578946
Exp1 CorNet_S 31 23 Diff Bulge 0.4934210526315789 0.34210526315789475
Exp1 CorNet_S 31 23 Diff Bulge 0.5263157894736842 0.23684210526315788
Exp1 CorNet_S 31 23 Diff Bulge 0.5 0.24342105263157895
Exp1 CorNet_S 31 23 Diff Bulge 0.5394736842105263 0.3684210526315789
Exp1 CorNet_S 31 23 Diff Bulge 0.48026315789473684 0.32894736842105265
Exp1 CorNet_S 31 23 Diff Bulge 0.506578947368421 0.19078947368421054
Exp1 CorNet_S 31 23 Diff Bulge 0.5526315789473685 0.19736842105263158
Exp1 CorNet_S 31 23 Diff Bulge 0.5263157894736842 0.19078947368421054
Exp1 CorNet_S 31 23 Diff Bulge 0.5460526315789473 0.19736842105263158
Exp1 CorNet_S 31 31 Same Skel 0.019736842105263157 0.5592105263157895
Exp1 CorNet_S 31 31 Same Skel 0.019736842105263157 0.8421052631578947
Exp1 CorNet_S 31 31 Same Skel 0.03289473684210526 0.5986842105263158
Exp1 CorNet_S 31 31 Same Skel 0.03289473684210526 0.9736842105263158
Exp1 CorNet_S 31 31 Same Skel 0.08552631578947369 0.9407894736842105
Exp1 CorNet_S 31 31 Same Skel 0.046052631578947366 0.4342105263157895
Exp1 CorNet_S 31 31 Same Skel 0.0 0.9605263157894737
Exp1 CorNet_S 31 31 Same Skel 0.06578947368421052 0.8486842105263158
Exp1 CorNet_S 31 31 Same Skel 0.06578947368421052 0.8157894736842105
Exp1 CorNet_S 31 31 Same Skel 0.02631578947368421 0.8289473684210527
Exp1 CorNet_S 31 31 Same Bulge 0.0 0.0
Exp1 CorNet_S 31 31 Same Bulge 0.0 0.0
Exp1 CorNet_S 31 31 Same Bulge 0.0 0.0
Exp1 CorNet_S 31 31 Same Bulge 0.0 0.0
Exp1 CorNet_S 31 31 Same Bulge 0.0 0.0
Exp1 CorNet_S 31 31 Same Bulge 0.0 0.0
Exp1 CorNet_S 31 31 Same Bulge 0.0 0.0
Exp1 CorNet_S 31 31 Same Bulge 0.0 0.0
Exp1 CorNet_S 31 31 Same Bulge 0.0 0.0
Exp1 CorNet_S 31 31 Same Bulge 0.0 0.0
Exp1 CorNet_S 31 26 Diff Skel 0.375 0.17763157894736842
Exp1 CorNet_S 31 26 Diff Skel 0.32894736842105265 0.0
Exp1 CorNet_S 31 26 Diff Skel 0.34868421052631576 0.07894736842105263
Exp1 CorNet_S 31 26 Diff Skel 0.27631578947368424 0.4276315789473684
Exp1 CorNet_S 31 26 Diff Skel 0.34868421052631576 0.046052631578947366
Exp1 CorNet_S 31 26 Diff Skel 0.4276315789473684 0.4934210526315789
Exp1 CorNet_S 31 26 Diff Skel 0.3881578947368421 0.19078947368421054
Exp1 CorNet_S 31 26 Diff Skel 0.3684210526315789 0.8289473684210527
Exp1 CorNet_S 31 26 Diff Skel 0.3092105263157895 0.17763157894736842
Exp1 CorNet_S 31 26 Diff Skel 0.35526315789473684 0.375
Exp1 CorNet_S 31 26 Diff Bulge 0.0 0.0
Exp1 CorNet_S 31 26 Diff Bulge 0.0 0.0
Exp1 CorNet_S 31 26 Diff Bulge 0.0 0.0
Exp1 CorNet_S 31 26 Diff Bulge 0.0 0.019736842105263157
Exp1 CorNet_S 31 26 Diff Bulge 0.0 0.0
Exp1 CorNet_S 31 26 Diff Bulge 0.0 0.0
Exp1 CorNet_S 31 26 Diff Bulge 0.0 0.0
Exp1 CorNet_S 31 26 Diff Bulge 0.0 0.0
Exp1 CorNet_S 31 26 Diff Bulge 0.0 0.0
Exp1 CorNet_S 31 26 Diff Bulge 0.0 0.0
Exp1 CorNet_S 26 23 Diff Skel 0.0 0.0
Exp1 CorNet_S 26 23 Diff Skel 0.0 0.0
Exp1 CorNet_S 26 23 Diff Skel 0.0 0.0
Exp1 CorNet_S 26 23 Diff Skel 0.0 0.0
Exp1 CorNet_S 26 23 Diff Skel 0.0 0.0
Exp1 CorNet_S 26 23 Diff Skel 0.0 0.0
Exp1 CorNet_S 26 23 Diff Skel 0.0 0.0
Exp1 CorNet_S 26 23 Diff Skel 0.0 0.0
Exp1 CorNet_S 26 23 Diff Skel 0.0 0.0
Exp1 CorNet_S 26 23 Diff Skel 0.0 0.0
Exp1 CorNet_S 26 23 Diff Bulge 0.7302631578947368 0.2631578947368421
Exp1 CorNet_S 26 23 Diff Bulge 0.7697368421052632 0.42105263157894735
Exp1 CorNet_S 26 23 Diff Bulge 0.8092105263157895 0.4276315789473684
Exp1 CorNet_S 26 23 Diff Bulge 0.7894736842105263 0.4934210526315789
Exp1 CorNet_S 26 23 Diff Bulge 0.7828947368421053 0.4276315789473684
Exp1 CorNet_S 26 23 Diff Bulge 0.7697368421052632 0.7302631578947368
Exp1 CorNet_S 26 23 Diff Bulge 0.7763157894736842 0.4342105263157895
Exp1 CorNet_S 26 23 Diff Bulge 0.8026315789473685 0.5263157894736842
Exp1 CorNet_S 26 23 Diff Bulge 0.7828947368421053 0.4605263157894737
Exp1 CorNet_S 26 23 Diff Bulge 0.7894736842105263 0.5921052631578947
Exp1 CorNet_S 26 31 Diff Skel 0.0 0.0
Exp1 CorNet_S 26 31 Diff Skel 0.0 0.0
Exp1 CorNet_S 26 31 Diff Skel 0.0 0.0
Exp1 CorNet_S 26 31 Diff Skel 0.0 0.0
Exp1 CorNet_S 26 31 Diff Skel 0.0 0.0
Exp1 CorNet_S 26 31 Diff Skel 0.0 0.5789473684210527
Exp1 CorNet_S 26 31 Diff Skel 0.0 0.0
Exp1 CorNet_S 26 31 Diff Skel 0.0 0.0
Exp1 CorNet_S 26 31 Diff Skel 0.0 0.0
Exp1 CorNet_S 26 31 Diff Skel 0.0 0.006578947368421052
Exp1 CorNet_S 26 31 Diff Bulge 1.0 0.013157894736842105
Exp1 CorNet_S 26 31 Diff Bulge 1.0 0.10526315789473684
Exp1 CorNet_S 26 31 Diff Bulge 1.0 0.0
Exp1 CorNet_S 26 31 Diff Bulge 1.0 0.0
Exp1 CorNet_S 26 31 Diff Bulge 1.0 0.07894736842105263
Exp1 CorNet_S 26 31 Diff Bulge 1.0 0.0
Exp1 CorNet_S 26 31 Diff Bulge 1.0 0.0
Exp1 CorNet_S 26 31 Diff Bulge 1.0 0.0
Exp1 CorNet_S 26 31 Diff Bulge 1.0 0.4605263157894737
Exp1 CorNet_S 26 31 Diff Bulge 1.0 0.0
Exp1 CorNet_S 26 26 Same Skel 0.32894736842105265 0.8289473684210527
Exp1 CorNet_S 26 26 Same Skel 0.375 0.8881578947368421
Exp1 CorNet_S 26 26 Same Skel 0.3684210526315789 0.5657894736842105
Exp1 CorNet_S 26 26 Same Skel 0.3684210526315789 0.40789473684210525
Exp1 CorNet_S 26 26 Same Skel 0.3223684210526316 0.625
Exp1 CorNet_S 26 26 Same Skel 0.3684210526315789 0.868421052631579
Exp1 CorNet_S 26 26 Same Skel 0.3684210526315789 0.5197368421052632
Exp1 CorNet_S 26 26 Same Skel 0.39473684210526316 0.4868421052631579
Exp1 CorNet_S 26 26 Same Skel 0.375 0.9539473684210527
Exp1 CorNet_S 26 26 Same Skel 0.3026315789473684 0.21710526315789475
Exp1 CorNet_S 26 26 Same Bulge 0.993421052631579 0.8355263157894737
Exp1 CorNet_S 26 26 Same Bulge 1.0 0.7368421052631579
Exp1 CorNet_S 26 26 Same Bulge 0.993421052631579 0.7828947368421053
Exp1 CorNet_S 26 26 Same Bulge 0.9210526315789473 0.7960526315789473
Exp1 CorNet_S 26 26 Same Bulge 0.993421052631579 0.8552631578947368
Exp1 CorNet_S 26 26 Same Bulge 1.0 0.8092105263157895
Exp1 CorNet_S 26 26 Same Bulge 1.0 0.7302631578947368
Exp1 CorNet_S 26 26 Same Bulge 1.0 0.6381578947368421
Exp1 CorNet_S 26 26 Same Bulge 0.993421052631579 0.7697368421052632
Exp1 CorNet_S 26 26 Same Bulge 0.9802631578947368 0.4605263157894737
Exp2 CorNet_Z 31_0 31_0 Same Skel 1.0 1.0
Exp2 CorNet_Z 31_0 31_0 Same Skel 1.0 1.0
Exp2 CorNet_Z 31_0 31_0 Same Skel 1.0 0.9868421052631579
Exp2 CorNet_Z 31_0 31_0 Same Skel 1.0 1.0
Exp2 CorNet_Z 31_0 31_0 Same Skel 1.0 0.8947368421052632
Exp2 CorNet_Z 31_0 31_0 Same Skel 1.0 1.0
Exp2 CorNet_Z 31_0 31_0 Same Skel 1.0 0.9736842105263158
Exp2 CorNet_Z 31_0 31_0 Same Skel 1.0 1.0
Exp2 CorNet_Z 31_0 31_0 Same Skel 1.0 0.9736842105263158
Exp2 CorNet_Z 31_0 31_0 Same Skel 1.0 1.0
Exp2 CorNet_Z 31_0 31_0 Same Bulge 0.23026315789473684 0.10526315789473684
Exp2 CorNet_Z 31_0 31_0 Same Bulge 0.10526315789473684 0.09868421052631579
Exp2 CorNet_Z 31_0 31_0 Same Bulge 0.13815789473684212 0.05263157894736842
Exp2 CorNet_Z 31_0 31_0 Same Bulge 0.1513157894736842 0.0
Exp2 CorNet_Z 31_0 31_0 Same Bulge 0.2565789473684211 0.23026315789473684
Exp2 CorNet_Z 31_0 31_0 Same Bulge 0.17105263157894737 0.125
Exp2 CorNet_Z 31_0 31_0 Same Bulge 0.23026315789473684 0.13157894736842105
Exp2 CorNet_Z 31_0 31_0 Same Bulge 0.16447368421052633 0.18421052631578946
Exp2 CorNet_Z 31_0 31_0 Same Bulge 0.2236842105263158 0.18421052631578946
Exp2 CorNet_Z 31_0 31_0 Same Bulge 0.2236842105263158 0.0
Exp2 CorNet_Z 31_0 31_50 Diff Skel 1.0 0.5526315789473685
Exp2 CorNet_Z 31_0 31_50 Diff Skel 1.0 0.4605263157894737
Exp2 CorNet_Z 31_0 31_50 Diff Skel 1.0 0.6578947368421053
Exp2 CorNet_Z 31_0 31_50 Diff Skel 1.0 0.5394736842105263
Exp2 CorNet_Z 31_0 31_50 Diff Skel 1.0 0.7039473684210527
Exp2 CorNet_Z 31_0 31_50 Diff Skel 1.0 0.9013157894736842
Exp2 CorNet_Z 31_0 31_50 Diff Skel 1.0 0.6973684210526315
Exp2 CorNet_Z 31_0 31_50 Diff Skel 1.0 0.5789473684210527
Exp2 CorNet_Z 31_0 31_50 Diff Skel 1.0 0.8947368421052632
Exp2 CorNet_Z 31_0 31_50 Diff Skel 1.0 0.3092105263157895
Exp2 CorNet_Z 31_0 31_50 Diff Bulge 0.0 0.0
Exp2 CorNet_Z 31_0 31_50 Diff Bulge 0.0 0.0
Exp2 CorNet_Z 31_0 31_50 Diff Bulge 0.0 0.0
Exp2 CorNet_Z 31_0 31_50 Diff Bulge 0.0 0.0
Exp2 CorNet_Z 31_0 31_50 Diff Bulge 0.0 0.0
Exp2 CorNet_Z 31_0 31_50 Diff Bulge 0.039473684210526314 0.0
Exp2 CorNet_Z 31_0 31_50 Diff Bulge 0.0 0.0
Exp2 CorNet_Z 31_0 31_50 Diff Bulge 0.0 0.0
Exp2 CorNet_Z 31_0 31_50 Diff Bulge 0.039473684210526314 0.0
Exp2 CorNet_Z 31_0 31_50 Diff Bulge 0.0 0.0
Exp2 CorNet_Z 31_50 31_0 Diff Skel 0.23684210526315788 0.993421052631579
Exp2 CorNet_Z 31_50 31_0 Diff Skel 0.18421052631578946 0.9078947368421053
Exp2 CorNet_Z 31_50 31_0 Diff Skel 0.25 0.6578947368421053
Exp2 CorNet_Z 31_50 31_0 Diff Skel 0.2236842105263158 0.9078947368421053
Exp2 CorNet_Z 31_50 31_0 Diff Skel 0.21052631578947367 0.9802631578947368
Exp2 CorNet_Z 31_50 31_0 Diff Skel 0.26973684210526316 1.0
Exp2 CorNet_Z 31_50 31_0 Diff Skel 0.20394736842105263 0.993421052631579
Exp2 CorNet_Z 31_50 31_0 Diff Skel 0.20394736842105263 0.9671052631578947
Exp2 CorNet_Z 31_50 31_0 Diff Skel 0.24342105263157895 0.881578947368421
Exp2 CorNet_Z 31_50 31_0 Diff Skel 0.2631578947368421 0.6907894736842105
Exp2 CorNet_Z 31_50 31_0 Diff Bulge 0.9802631578947368 0.6644736842105263
Exp2 CorNet_Z 31_50 31_0 Diff Bulge 0.9802631578947368 0.9210526315789473
Exp2 CorNet_Z 31_50 31_0 Diff Bulge 1.0 0.743421052631579
Exp2 CorNet_Z 31_50 31_0 Diff Bulge 1.0 0.6973684210526315
Exp2 CorNet_Z 31_50 31_0 Diff Bulge 0.9671052631578947 0.7960526315789473
Exp2 CorNet_Z 31_50 31_0 Diff Bulge 0.9605263157894737 0.8486842105263158
Exp2 CorNet_Z 31_50 31_0 Diff Bulge 1.0 0.7171052631578947
Exp2 CorNet_Z 31_50 31_0 Diff Bulge 0.9671052631578947 0.7039473684210527
Exp2 CorNet_Z 31_50 31_0 Diff Bulge 0.9605263157894737 0.8881578947368421
Exp2 CorNet_Z 31_50 31_0 Diff Bulge 1.0 0.48026315789473684
Exp2 CorNet_Z 31_50 31_50 Same Skel 0.756578947368421 1.0
Exp2 CorNet_Z 31_50 31_50 Same Skel 0.75 1.0
Exp2 CorNet_Z 31_50 31_50 Same Skel 0.75 1.0
Exp2 CorNet_Z 31_50 31_50 Same Skel 0.7302631578947368 1.0
Exp2 CorNet_Z 31_50 31_50 Same Skel 0.7828947368421053 1.0
Exp2 CorNet_Z 31_50 31_50 Same Skel 0.756578947368421 1.0
Exp2 CorNet_Z 31_50 31_50 Same Skel 0.8947368421052632 1.0
Exp2 CorNet_Z 31_50 31_50 Same Skel 0.7960526315789473 1.0
Exp2 CorNet_Z 31_50 31_50 Same Skel 0.7697368421052632 1.0
Exp2 CorNet_Z 31_50 31_50 Same Skel 0.868421052631579 1.0
Exp2 CorNet_Z 31_50 31_50 Same Bulge 0.756578947368421 0.625
Exp2 CorNet_Z 31_50 31_50 Same Bulge 0.7302631578947368 0.6118421052631579
Exp2 CorNet_Z 31_50 31_50 Same Bulge 0.7302631578947368 0.4934210526315789
Exp2 CorNet_Z 31_50 31_50 Same Bulge 0.6644736842105263 0.6118421052631579
Exp2 CorNet_Z 31_50 31_50 Same Bulge 0.743421052631579 0.5394736842105263
Exp2 CorNet_Z 31_50 31_50 Same Bulge 0.6447368421052632 0.5
Exp2 CorNet_Z 31_50 31_50 Same Bulge 0.7039473684210527 0.5197368421052632
Exp2 CorNet_Z 31_50 31_50 Same Bulge 0.756578947368421 0.5526315789473685
Exp2 CorNet_Z 31_50 31_50 Same Bulge 0.6710526315789473 0.48026315789473684
Exp2 CorNet_Z 31_50 31_50 Same Bulge 0.7105263157894737 0.6118421052631579
Exp2 CorNet_S 31_0 31_0 Same Skel 0.5657894736842105 1.0
Exp2 CorNet_S 31_0 31_0 Same Skel 0.6973684210526315 1.0
Exp2 CorNet_S 31_0 31_0 Same Skel 0.5986842105263158 1.0
Exp2 CorNet_S 31_0 31_0 Same Skel 0.6710526315789473 1.0
Exp2 CorNet_S 31_0 31_0 Same Skel 0.7302631578947368 0.9868421052631579
Exp2 CorNet_S 31_0 31_0 Same Skel 0.5460526315789473 1.0
Exp2 CorNet_S 31_0 31_0 Same Skel 0.743421052631579 1.0
Exp2 CorNet_S 31_0 31_0 Same Skel 0.7368421052631579 1.0
Exp2 CorNet_S 31_0 31_0 Same Skel 0.7763157894736842 1.0
Exp2 CorNet_S 31_0 31_0 Same Skel 0.7368421052631579 1.0
Exp2 CorNet_S 31_0 31_0 Same Bulge 0.19736842105263158 0.27631578947368424
Exp2 CorNet_S 31_0 31_0 Same Bulge 0.21710526315789475 0.35526315789473684
Exp2 CorNet_S 31_0 31_0 Same Bulge 0.23026315789473684 0.19736842105263158
Exp2 CorNet_S 31_0 31_0 Same Bulge 0.21710526315789475 0.23026315789473684
Exp2 CorNet_S 31_0 31_0 Same Bulge 0.17105263157894737 0.03289473684210526
Exp2 CorNet_S 31_0 31_0 Same Bulge 0.09868421052631579 0.0
Exp2 CorNet_S 31_0 31_0 Same Bulge 0.18421052631578946 0.0
Exp2 CorNet_S 31_0 31_0 Same Bulge 0.13157894736842105 0.2894736842105263
Exp2 CorNet_S 31_0 31_0 Same Bulge 0.19736842105263158 0.07894736842105263
Exp2 CorNet_S 31_0 31_0 Same Bulge 0.16447368421052633 0.125
Exp2 CorNet_S 31_0 31_50 Diff Skel 0.9473684210526315 1.0
Exp2 CorNet_S 31_0 31_50 Diff Skel 0.868421052631579 1.0
Exp2 CorNet_S 31_0 31_50 Diff Skel 0.881578947368421 1.0
Exp2 CorNet_S 31_0 31_50 Diff Skel 0.9539473684210527 0.9802631578947368
Exp2 CorNet_S 31_0 31_50 Diff Skel 0.8881578947368421 1.0
Exp2 CorNet_S 31_0 31_50 Diff Skel 0.9144736842105263 1.0
Exp2 CorNet_S 31_0 31_50 Diff Skel 0.8421052631578947 1.0
Exp2 CorNet_S 31_0 31_50 Diff Skel 0.8289473684210527 0.9868421052631579
Exp2 CorNet_S 31_0 31_50 Diff Skel 0.8881578947368421 1.0
Exp2 CorNet_S 31_0 31_50 Diff Skel 0.9605263157894737 0.9276315789473685
Exp2 CorNet_S 31_0 31_50 Diff Bulge 0.20394736842105263 0.0
Exp2 CorNet_S 31_0 31_50 Diff Bulge 0.25 0.0
Exp2 CorNet_S 31_0 31_50 Diff Bulge 0.375 0.06578947368421052
Exp2 CorNet_S 31_0 31_50 Diff Bulge 0.4605263157894737 0.3881578947368421
Exp2 CorNet_S 31_0 31_50 Diff Bulge 0.3684210526315789 0.039473684210526314
Exp2 CorNet_S 31_0 31_50 Diff Bulge 0.34868421052631576 0.125
Exp2 CorNet_S 31_0 31_50 Diff Bulge 0.21052631578947367 0.05263157894736842
Exp2 CorNet_S 31_0 31_50 Diff Bulge 0.27631578947368424 0.13815789473684212
Exp2 CorNet_S 31_0 31_50 Diff Bulge 0.40131578947368424 0.3355263157894737
Exp2 CorNet_S 31_0 31_50 Diff Bulge 0.4144736842105263 0.0
Exp2 CorNet_S 31_50 31_0 Diff Skel 0.7697368421052632 1.0
Exp2 CorNet_S 31_50 31_0 Diff Skel 0.5789473684210527 1.0
Exp2 CorNet_S 31_50 31_0 Diff Skel 0.75 1.0
Exp2 CorNet_S 31_50 31_0 Diff Skel 0.7105263157894737 0.6513157894736842
Exp2 CorNet_S 31_50 31_0 Diff Skel 0.6513157894736842 0.9868421052631579
Exp2 CorNet_S 31_50 31_0 Diff Skel 0.6447368421052632 0.993421052631579
Exp2 CorNet_S 31_50 31_0 Diff Skel 0.6907894736842105 1.0
Exp2 CorNet_S 31_50 31_0 Diff Skel 0.5328947368421053 0.9736842105263158
Exp2 CorNet_S 31_50 31_0 Diff Skel 0.7302631578947368 0.7960526315789473
Exp2 CorNet_S 31_50 31_0 Diff Skel 0.7105263157894737 0.9078947368421053
Exp2 CorNet_S 31_50 31_0 Diff Bulge 1.0 0.9210526315789473
Exp2 CorNet_S 31_50 31_0 Diff Bulge 1.0 1.0
Exp2 CorNet_S 31_50 31_0 Diff Bulge 1.0 1.0
Exp2 CorNet_S 31_50 31_0 Diff Bulge 1.0 0.9868421052631579
Exp2 CorNet_S 31_50 31_0 Diff Bulge 1.0 1.0
Exp2 CorNet_S 31_50 31_0 Diff Bulge 1.0 1.0
Exp2 CorNet_S 31_50 31_0 Diff Bulge 1.0 1.0
Exp2 CorNet_S 31_50 31_0 Diff Bulge 1.0 1.0
Exp2 CorNet_S 31_50 31_0 Diff Bulge 1.0 1.0
Exp2 CorNet_S 31_50 31_0 Diff Bulge 1.0 1.0
Exp2 CorNet_S 31_50 31_50 Same Skel 0.9671052631578947 1.0
Exp2 CorNet_S 31_50 31_50 Same Skel 0.9605263157894737 0.9868421052631579
Exp2 CorNet_S 31_50 31_50 Same Skel 0.875 1.0
Exp2 CorNet_S 31_50 31_50 Same Skel 0.9671052631578947 1.0
Exp2 CorNet_S 31_50 31_50 Same Skel 0.9671052631578947 1.0
Exp2 CorNet_S 31_50 31_50 Same Skel 0.9736842105263158 1.0
Exp2 CorNet_S 31_50 31_50 Same Skel 0.9736842105263158 1.0
Exp2 CorNet_S 31_50 31_50 Same Skel 0.9736842105263158 1.0
Exp2 CorNet_S 31_50 31_50 Same Skel 0.9736842105263158 1.0
Exp2 CorNet_S 31_50 31_50 Same Skel 0.993421052631579 1.0
Exp2 CorNet_S 31_50 31_50 Same Bulge 0.7697368421052632 0.7697368421052632
Exp2 CorNet_S 31_50 31_50 Same Bulge 0.7631578947368421 0.7302631578947368
Exp2 CorNet_S 31_50 31_50 Same Bulge 0.8157894736842105 0.7697368421052632
Exp2 CorNet_S 31_50 31_50 Same Bulge 0.6907894736842105 0.6381578947368421
Exp2 CorNet_S 31_50 31_50 Same Bulge 0.7105263157894737 0.7302631578947368
Exp2 CorNet_S 31_50 31_50 Same Bulge 0.756578947368421 0.6710526315789473
Exp2 CorNet_S 31_50 31_50 Same Bulge 0.7631578947368421 0.6644736842105263
Exp2 CorNet_S 31_50 31_50 Same Bulge 0.7894736842105263 0.6973684210526315
Exp2 CorNet_S 31_50 31_50 Same Bulge 0.7828947368421053 0.6710526315789473
Exp2 CorNet_S 31_50 31_50 Same Bulge 0.756578947368421 0.6907894736842105
