CorNet_Z Exp1 23_Skel
CorNet_Z Exp1 23_Bulge
CorNet_Z Exp1 23_Balloon
CorNet_Z Exp1 23_Shrink
CorNet_Z Exp1 23_Wave
CorNet_Z Exp1 31_Skel
CorNet_Z Exp1 31_Bulge
CorNet_Z Exp1 31_Balloon
CorNet_Z Exp1 31_Shrink
CorNet_Z Exp1 31_Wave
CorNet_Z Exp1 26_Skel
CorNet_Z Exp1 26_Bulge
CorNet_Z Exp1 26_Balloon
CorNet_Z Exp1 26_Shrink
CorNet_Z Exp1 26_Wave
CorNet_Z Exp2 31_0_Skel
CorNet_Z Exp2 31_0_Bulge
CorNet_Z Exp2 31_0_Balloon
CorNet_Z Exp2 31_0_Shrink
CorNet_Z Exp2 31_0_Wave
CorNet_Z Exp2 31_50_Skel
CorNet_Z Exp2 31_50_Bulge
CorNet_Z Exp2 31_50_Balloon
CorNet_Z Exp2 31_50_Shrink
CorNet_Z Exp2 31_50_Wave
CorNet_S Exp1 23_Skel
CorNet_S Exp1 23_Bulge
CorNet_S Exp1 23_Balloon
CorNet_S Exp1 23_Shrink
CorNet_S Exp1 23_Wave
CorNet_S Exp1 31_Skel
CorNet_S Exp1 31_Bulge
CorNet_S Exp1 31_Balloon
CorNet_S Exp1 31_Shrink
CorNet_S Exp1 31_Wave
CorNet_S Exp1 26_Skel
CorNet_S Exp1 26_Bulge
CorNet_S Exp1 26_Balloon
CorNet_S Exp1 26_Shrink
CorNet_S Exp1 26_Wave
CorNet_S Exp2 31_0_Skel
CorNet_S Exp2 31_0_Bulge
CorNet_S Exp2 31_0_Balloon
CorNet_S Exp2 31_0_Shrink
CorNet_S Exp2 31_0_Wave
CorNet_S Exp2 31_50_Skel
CorNet_S Exp2 31_50_Bulge
CorNet_S Exp2 31_50_Balloon
CorNet_S Exp2 31_50_Shrink
CorNet_S Exp2 31_50_Wave
